<?xml version="1.0" encoding="UTF-8"?>
<!-- Generated by org.testng.reporters.JUnitXMLReporter -->
<testsuite ignored="0" hostname="DESKTOP-M4O9I4R" failures="0" tests="3" name="Firefox" time="10.752" errors="0" timestamp="15 Jun 2022 04:34:01 GMT">
  <testcase classname="saucedemo.TC_01_Sort_Asc_Desc" name="TC_01" time="0.795"/>
  <testcase classname="saucedemo.TC_01_Sort_Asc_Desc" name="TC_02" time="0.692"/>
  <testcase classname="saucedemo.TC_01_Sort_Asc_Desc" name="TC_03" time="0.117"/>
</testsuite> <!-- Firefox -->
