<?xml version="1.0" encoding="UTF-8"?>
<testng-results ignored="0" total="6" passed="6" failed="0" skipped="0">
  <reporter-output>
  </reporter-output>
  <suite started-at="2022-06-20T04:07:26Z" name="saucedemo" finished-at="2022-06-20T04:08:52Z" duration-ms="85080">
    <groups>
    </groups>
    <test started-at="2022-06-20T04:07:26Z" name="Firefox" finished-at="2022-06-20T04:08:13Z" duration-ms="46746">
      <class name="saucedemo.TC_03_Run_On_BrowserStack">
        <test-method is-config="true" signature="setUp(java.lang.String, java.lang.String, java.lang.String, java.lang.String, java.lang.String)[pri:0, instance:saucedemo.TC_03_Run_On_BrowserStack@1a480135]" started-at="2022-06-20T04:07:26Z" name="setUp" finished-at="2022-06-20T04:07:53Z" duration-ms="26602" status="PASS">
          <params>
            <param index="0">
              <value>
                <![CDATA[https://www.saucedemo.com/]]>
              </value>
            </param>
            <param index="1">
              <value>
                <![CDATA[firefox]]>
              </value>
            </param>
            <param index="2">
              <value>
                <![CDATA[Windows]]>
              </value>
            </param>
            <param index="3">
              <value>
                <![CDATA[10]]>
              </value>
            </param>
            <param index="4">
              <value>
                <![CDATA[latest]]>
              </value>
            </param>
          </params>
          <reporter-output>
          </reporter-output>
        </test-method> <!-- setUp -->
        <test-method signature="TC_01()[pri:0, instance:saucedemo.TC_03_Run_On_BrowserStack@1a480135]" started-at="2022-06-20T04:07:53Z" name="TC_01" finished-at="2022-06-20T04:08:00Z" duration-ms="6780" status="PASS">
          <reporter-output>
          </reporter-output>
        </test-method> <!-- TC_01 -->
        <test-method signature="TC_02()[pri:0, instance:saucedemo.TC_03_Run_On_BrowserStack@1a480135]" started-at="2022-06-20T04:08:00Z" name="TC_02" finished-at="2022-06-20T04:08:08Z" duration-ms="8132" status="PASS">
          <reporter-output>
          </reporter-output>
        </test-method> <!-- TC_02 -->
        <test-method signature="TC_03()[pri:0, instance:saucedemo.TC_03_Run_On_BrowserStack@1a480135]" started-at="2022-06-20T04:08:08Z" name="TC_03" finished-at="2022-06-20T04:08:12Z" duration-ms="3658" status="PASS">
          <reporter-output>
          </reporter-output>
        </test-method> <!-- TC_03 -->
        <test-method is-config="true" signature="tearDown()[pri:0, instance:saucedemo.TC_03_Run_On_BrowserStack@1a480135]" started-at="2022-06-20T04:08:12Z" name="tearDown" finished-at="2022-06-20T04:08:13Z" duration-ms="1473" status="PASS">
          <reporter-output>
          </reporter-output>
        </test-method> <!-- tearDown -->
      </class> <!-- saucedemo.TC_03_Run_On_BrowserStack -->
    </test> <!-- Firefox -->
    <test started-at="2022-06-20T04:08:13Z" name="Safari" finished-at="2022-06-20T04:08:52Z" duration-ms="38298">
      <class name="saucedemo.TC_03_Run_On_BrowserStack">
        <test-method is-config="true" signature="deleteAllureReport()[pri:0, instance:saucedemo.TC_03_Run_On_BrowserStack@7123be6c]" started-at="2022-06-20T04:07:26Z" name="deleteAllureReport" finished-at="2022-06-20T04:07:26Z" duration-ms="75" status="PASS">
          <reporter-output>
          </reporter-output>
        </test-method> <!-- deleteAllureReport -->
        <test-method is-config="true" signature="setUp(java.lang.String, java.lang.String, java.lang.String, java.lang.String, java.lang.String)[pri:0, instance:saucedemo.TC_03_Run_On_BrowserStack@7123be6c]" started-at="2022-06-20T04:08:13Z" name="setUp" finished-at="2022-06-20T04:08:34Z" duration-ms="20526" status="PASS">
          <params>
            <param index="0">
              <value>
                <![CDATA[https://www.saucedemo.com/]]>
              </value>
            </param>
            <param index="1">
              <value>
                <![CDATA[safari]]>
              </value>
            </param>
            <param index="2">
              <value>
                <![CDATA[OS X]]>
              </value>
            </param>
            <param index="3">
              <value>
                <![CDATA[Big Sur]]>
              </value>
            </param>
            <param index="4">
              <value>
                <![CDATA[latest]]>
              </value>
            </param>
          </params>
          <reporter-output>
          </reporter-output>
        </test-method> <!-- setUp -->
        <test-method signature="TC_01()[pri:0, instance:saucedemo.TC_03_Run_On_BrowserStack@7123be6c]" started-at="2022-06-20T04:08:34Z" name="TC_01" finished-at="2022-06-20T04:08:40Z" duration-ms="6454" status="PASS">
          <reporter-output>
          </reporter-output>
        </test-method> <!-- TC_01 -->
        <test-method signature="TC_02()[pri:0, instance:saucedemo.TC_03_Run_On_BrowserStack@7123be6c]" started-at="2022-06-20T04:08:40Z" name="TC_02" finished-at="2022-06-20T04:08:47Z" duration-ms="7004" status="PASS">
          <reporter-output>
          </reporter-output>
        </test-method> <!-- TC_02 -->
        <test-method signature="TC_03()[pri:0, instance:saucedemo.TC_03_Run_On_BrowserStack@7123be6c]" started-at="2022-06-20T04:08:47Z" name="TC_03" finished-at="2022-06-20T04:08:50Z" duration-ms="2790" status="PASS">
          <reporter-output>
          </reporter-output>
        </test-method> <!-- TC_03 -->
        <test-method is-config="true" signature="tearDown()[pri:0, instance:saucedemo.TC_03_Run_On_BrowserStack@7123be6c]" started-at="2022-06-20T04:08:50Z" name="tearDown" finished-at="2022-06-20T04:08:52Z" duration-ms="1492" status="PASS">
          <reporter-output>
          </reporter-output>
        </test-method> <!-- tearDown -->
      </class> <!-- saucedemo.TC_03_Run_On_BrowserStack -->
    </test> <!-- Safari -->
  </suite> <!-- saucedemo -->
</testng-results>
