<?xml version="1.0" encoding="UTF-8"?>
<testng-results ignored="0" total="1" passed="1" failed="0" skipped="0">
  <reporter-output>
  </reporter-output>
  <suite started-at="2022-06-22T03:45:38Z" name="bankguru" finished-at="2022-06-22T03:45:53Z" duration-ms="14531">
    <groups>
    </groups>
    <test started-at="2022-06-22T03:45:38Z" name="Chrome" finished-at="2022-06-22T03:45:53Z" duration-ms="14531">
      <class name="bankguru.TC_04_Selenium_Grid">
        <test-method is-config="true" signature="deleteAllureReport()[pri:0, instance:bankguru.TC_04_Selenium_Grid@43da41e]" started-at="2022-06-22T03:45:38Z" name="deleteAllureReport" finished-at="2022-06-22T03:45:38Z" duration-ms="26" status="PASS">
          <reporter-output>
          </reporter-output>
        </test-method> <!-- deleteAllureReport -->
        <test-method is-config="true" signature="setUp(java.lang.String, java.lang.String, java.lang.String, java.lang.String, java.lang.String, java.lang.String, java.lang.String)[pri:0, instance:bankguru.TC_04_Selenium_Grid@43da41e]" started-at="2022-06-22T03:45:38Z" name="setUp" finished-at="2022-06-22T03:45:48Z" duration-ms="9481" status="PASS">
          <params>
            <param index="0">
              <value>
                <![CDATA[chrome]]>
              </value>
            </param>
            <param index="1">
              <value>
                <![CDATA[localhost]]>
              </value>
            </param>
            <param index="2">
              <value>
                <![CDATA[4444]]>
              </value>
            </param>
            <param index="3">
              <value>
                <![CDATA[grid]]>
              </value>
            </param>
            <param index="4">
              <value>
                <![CDATA[Window]]>
              </value>
            </param>
            <param index="5">
              <value>
                <![CDATA[10]]>
              </value>
            </param>
            <param index="6">
              <value>
                <![CDATA[latest]]>
              </value>
            </param>
          </params>
          <reporter-output>
          </reporter-output>
        </test-method> <!-- setUp -->
        <test-method signature="TC_01()[pri:0, instance:bankguru.TC_04_Selenium_Grid@43da41e]" started-at="2022-06-22T03:45:48Z" name="TC_01" finished-at="2022-06-22T03:45:52Z" duration-ms="4244" status="PASS">
          <reporter-output>
          </reporter-output>
        </test-method> <!-- TC_01 -->
        <test-method is-config="true" signature="tearDown()[pri:0, instance:bankguru.TC_04_Selenium_Grid@43da41e]" started-at="2022-06-22T03:45:52Z" name="tearDown" finished-at="2022-06-22T03:45:53Z" duration-ms="640" status="PASS">
          <reporter-output>
          </reporter-output>
        </test-method> <!-- tearDown -->
      </class> <!-- bankguru.TC_04_Selenium_Grid -->
    </test> <!-- Chrome -->
  </suite> <!-- bankguru -->
</testng-results>
